 COORDINATES OF NACA AIRFOILS
 Created by naca456, version 1.1 (7 November 2010) on 17:57  1Jul2016
 Ralph L. Carmichael, Public Domain Aeronautical Software
  
 NACA 4415                                                                       
Four-digit profile, t/c= 0.1500
Two digit mean line,  max camber= 0.040  x of max. camber= 0.400
  
                       THICKNESS          MEAN LINE
            x         y      dy/dx         y      dy/dx
     1  0.000000  0.000000**********  0.000000  0.200000
     2  0.000050  0.001570 15.650976  0.000010  0.199975
     3  0.000100  0.002217 11.039197  0.000020  0.199950
     4  0.000200  0.003130  7.778145  0.000040  0.199900
     5  0.000300  0.003828  6.333415  0.000060  0.199850
     6  0.000400  0.004416  5.472164  0.000080  0.199800
     7  0.000500  0.004932  4.884400  0.000100  0.199750
     8  0.000600  0.005398  4.450518  0.000120  0.199700
     9  0.000800  0.006222  3.841454  0.000160  0.199600
    10  0.001000  0.006947  3.425774  0.000200  0.199500
    11  0.001200  0.007600  3.118905  0.000240  0.199400
    12  0.001400  0.008199  2.880383  0.000280  0.199300
    13  0.001600  0.008755  2.688095  0.000319  0.199200
    14  0.001800  0.009276  2.528803  0.000359  0.199100
    15  0.002000  0.009768  2.394030  0.000399  0.199000
    16  0.002500  0.010896  2.130936  0.000498  0.198750
    17  0.003000  0.011911  1.936659  0.000598  0.198500
    18  0.003500  0.012840  1.785609  0.000697  0.198250
    19  0.004000  0.013701  1.663801  0.000796  0.198000
    20  0.004500  0.014507  1.562861  0.000895  0.197750
    21  0.005000  0.015266  1.477429  0.000994  0.197500
    22  0.006000  0.016672  1.339719  0.001191  0.197000
    23  0.007000  0.017956  1.232577  0.001388  0.196500
    24  0.008000  0.019144  1.146113  0.001584  0.196000
    25  0.009000  0.020253  1.074405  0.001780  0.195500
    26  0.010000  0.021296  1.013665  0.001975  0.195000
    27  0.011000  0.022283  0.961337  0.002170  0.194500
    28  0.012000  0.023221  0.915630  0.002364  0.194000
    29  0.013000  0.024116  0.875246  0.002558  0.193500
    30  0.014000  0.024973  0.839215  0.002751  0.193000
    31  0.015000  0.025796  0.806799  0.002944  0.192500
    32  0.016000  0.026588  0.777424  0.003136  0.192000
    33  0.018000  0.028090  0.726073  0.003519  0.191000
    34  0.020000  0.029497  0.682481  0.003900  0.190000
    35  0.025000  0.032684  0.596870  0.004844  0.187500
    36  0.030000  0.035502  0.533053  0.005775  0.185000
    37  0.035000  0.038037  0.482936  0.006694  0.182500
    38  0.040000  0.040347  0.442096  0.007600  0.180000
    39  0.045000  0.042469  0.407885  0.008494  0.177500
    40  0.050000  0.044434  0.378608  0.009375  0.175000
    41  0.055000  0.046262  0.353122  0.010244  0.172500
    42  0.060000  0.047970  0.330627  0.011100  0.170000
    43  0.070000  0.051078  0.292428  0.012775  0.165000
    44  0.080000  0.053840  0.260884  0.014400  0.160000
    45  0.090000  0.056312  0.234118  0.015975  0.155000
    46  0.100000  0.058535  0.210932  0.017500  0.150000
    47  0.120000  0.062352  0.172301  0.020400  0.140000
    48  0.140000  0.065475  0.140928  0.023100  0.130000
    49  0.160000  0.068023  0.114588  0.025600  0.120000
    50  0.180000  0.070083  0.091943  0.027900  0.110000
    51  0.200000  0.071719  0.072129  0.030000  0.100000
    52  0.220000  0.072983  0.054562  0.031900  0.090000
    53  0.240000  0.073914  0.038827  0.033600  0.080000
    54  0.260000  0.074546  0.024617  0.035100  0.070000
    55  0.280000  0.074907  0.011702  0.036400  0.060000
    56  0.300000  0.075022 -0.000097  0.037500  0.050000
    57  0.320000  0.074910 -0.010924  0.038400  0.040000
    58  0.340000  0.074590 -0.020895  0.039100  0.030000
    59  0.360000  0.074079 -0.030106  0.039600  0.020000
    60  0.380000  0.073391 -0.038638  0.039900  0.010000
    61  0.400000  0.072538 -0.046560  0.040000 -0.000000
    62  0.420000  0.071532 -0.053932  0.039956 -0.004444
    63  0.440000  0.070384 -0.060806  0.039822 -0.008889
    64  0.460000  0.069103 -0.067229  0.039600 -0.013333
    65  0.480000  0.067697 -0.073244  0.039289 -0.017778
    66  0.500000  0.066175 -0.078889  0.038889 -0.022222
    67  0.520000  0.064544 -0.084198  0.038400 -0.026667
    68  0.540000  0.062809 -0.089203  0.037822 -0.031111
    69  0.560000  0.060978 -0.093936  0.037156 -0.035556
    70  0.580000  0.059054 -0.098424  0.036400 -0.040000
    71  0.600000  0.057042 -0.102693  0.035556 -0.044444
    72  0.620000  0.054947 -0.106769  0.034622 -0.048889
    73  0.640000  0.052772 -0.110676  0.033600 -0.053333
    74  0.660000  0.050521 -0.114437  0.032489 -0.057778
    75  0.680000  0.048196 -0.118074  0.031289 -0.062222
    76  0.700000  0.045799 -0.121609  0.030000 -0.066667
    77  0.720000  0.043332 -0.125062  0.028622 -0.071111
    78  0.740000  0.040797 -0.128453  0.027156 -0.075556
    79  0.760000  0.038194 -0.131803  0.025600 -0.080000
    80  0.780000  0.035525 -0.135130  0.023956 -0.084444
    81  0.800000  0.032789 -0.138453  0.022222 -0.088889
    82  0.820000  0.029987 -0.141790  0.020400 -0.093333
    83  0.840000  0.027117 -0.145160  0.018489 -0.097778
    84  0.860000  0.024180 -0.148581  0.016489 -0.102222
    85  0.880000  0.021173 -0.152070  0.014400 -0.106667
    86  0.900000  0.018096 -0.155644  0.012222 -0.111111
    87  0.920000  0.014947 -0.159320  0.009956 -0.115556
    88  0.940000  0.011723 -0.163116  0.007600 -0.120000
    89  0.950000  0.010082 -0.165064  0.006389 -0.122222
    90  0.960000  0.008421 -0.167048  0.005156 -0.124444
    91  0.970000  0.006741 -0.169071  0.003900 -0.126667
    92  0.975000  0.005893 -0.170097  0.003264 -0.127778
    93  0.980000  0.005040 -0.171133  0.002622 -0.128889
    94  0.985000  0.004182 -0.172180  0.001975 -0.130000
    95  0.990000  0.003318 -0.173238  0.001322 -0.131111
    96  0.995000  0.002449 -0.174307  0.000664 -0.132222
    97  0.999000  0.001750 -0.175170  0.000133 -0.133111
    98  1.000000  0.001575 -0.175387  0.000000 -0.133333

COORDINATES OF NACA AIRFOILS           17:57  1Jul2016
 NACA 4415                                                                       
 COMBINED THICKNESS AND CAMBER
         xupper    yupper    xlower    ylower
     1  0.000000  0.000000  0.000000  0.000000
     2 -0.000258  0.001549  0.000358 -0.001529
     3 -0.000335  0.002194  0.000535 -0.002154
     4 -0.000414  0.003109  0.000814 -0.003029
     5 -0.000450  0.003814  0.001050 -0.003694
     6 -0.000465  0.004410  0.001265 -0.004250
     7 -0.000466  0.004936  0.001466 -0.004736
     8 -0.000457  0.005413  0.001657 -0.005173
     9 -0.000418  0.006262  0.002018 -0.005942
    10 -0.000359  0.007012  0.002359 -0.006613
    11 -0.000286  0.007693  0.002686 -0.007214
    12 -0.000203  0.008320  0.003003 -0.007761
    13 -0.000110  0.008906  0.003310 -0.008267
    14 -0.000011  0.009457  0.003611 -0.008739
    15  0.000093  0.009979  0.003907 -0.009181
    16  0.000376  0.011185  0.004624 -0.010188
    17  0.000681  0.012280  0.005319 -0.011085
    18  0.001003  0.013291  0.005997 -0.011898
    19  0.001339  0.014236  0.006661 -0.012644
    20  0.001686  0.015126  0.007314 -0.013336
    21  0.002042  0.015971  0.007958 -0.013983
    22  0.002778  0.017548  0.009222 -0.015166
    23  0.003538  0.019007  0.010462 -0.016231
    24  0.004318  0.020370  0.011682 -0.017202
    25  0.005114  0.021657  0.012886 -0.018097
    26  0.005924  0.022878  0.014076 -0.018928
    27  0.006746  0.024043  0.015254 -0.019704
    28  0.007578  0.025160  0.016422 -0.020432
    29  0.008418  0.026235  0.017582 -0.021119
    30  0.009268  0.027272  0.018732 -0.021770
    31  0.010124  0.028275  0.019876 -0.022387
    32  0.010987  0.029247  0.021013 -0.022975
    33  0.012730  0.031110  0.023270 -0.024072
    34  0.014494  0.032879  0.025506 -0.025079
    35  0.018977  0.036968  0.031023 -0.027280
    36  0.023542  0.040684  0.036458 -0.029134
    37  0.028171  0.044113  0.041829 -0.030725
    38  0.032852  0.047308  0.047148 -0.032108
    39  0.037578  0.050309  0.052422 -0.033322
    40  0.042341  0.053143  0.057659 -0.034393
    41  0.047136  0.055832  0.062864 -0.035344
    42  0.051960  0.058391  0.068040 -0.036191
    43  0.061684  0.063172  0.078316 -0.037622
    44  0.071494  0.067564  0.088506 -0.038764
    45  0.081375  0.071622  0.098625 -0.039672
    46  0.091317  0.075387  0.108683 -0.040387
    47  0.111355  0.082150  0.128645 -0.041350
    48  0.131559  0.088028  0.148441 -0.041828
    49  0.151895  0.093138  0.168105 -0.041938
    50  0.172337  0.097563  0.187663 -0.041763
    51  0.192864  0.101363  0.207136 -0.041363
    52  0.213458  0.104589  0.226542 -0.040789
    53  0.234106  0.107279  0.245894 -0.040079
    54  0.254795  0.109464  0.265205 -0.039264
    55  0.275514  0.111173  0.284486 -0.038373
    56  0.296254  0.112428  0.303746 -0.037428
    57  0.317006  0.113250  0.322994 -0.036450
    58  0.337763  0.113657  0.342237 -0.035457
    59  0.358519  0.113664  0.361481 -0.034464
    60  0.379266  0.113287  0.380734 -0.033487
    61  0.400000  0.112538  0.400000 -0.032538
    62  0.420318  0.111487  0.419682 -0.031576
    63  0.440626  0.110203  0.439374 -0.030559
    64  0.460921  0.108696  0.459079 -0.029496
    65  0.481203  0.106975  0.478797 -0.028398
    66  0.501470  0.105048  0.498530 -0.027270
    67  0.521721  0.102921  0.518279 -0.026121
    68  0.541953  0.100601  0.538047 -0.024957
    69  0.562167  0.098095  0.557833 -0.023784
    70  0.582360  0.095406  0.577640 -0.022606
    71  0.602533  0.092541  0.597467 -0.021430
    72  0.622683  0.089504  0.617317 -0.020259
    73  0.642811  0.086298  0.637189 -0.019098
    74  0.662914  0.082926  0.657086 -0.017948
    75  0.682993  0.079392  0.677007 -0.016814
    76  0.703047  0.075697  0.696953 -0.015697
    77  0.723074  0.071845  0.716926 -0.014601
    78  0.743074  0.067836  0.736926 -0.013525
    79  0.763046  0.063673  0.756954 -0.012473
    80  0.782989  0.059354  0.777011 -0.011443
    81  0.802903  0.054882  0.797097 -0.010438
    82  0.822787  0.050257  0.817213 -0.009457
    83  0.842639  0.045477  0.837361 -0.008500
    84  0.862459  0.040543  0.857541 -0.007566
    85  0.882246  0.035454  0.877754 -0.006654
    86  0.901998  0.030208  0.898002 -0.005764
    87  0.921716  0.024804  0.918284 -0.004893
    88  0.941397  0.019239  0.938603 -0.004039
    89  0.951223  0.016396  0.948777 -0.003619
    90  0.961040  0.013513  0.958960 -0.003201
    91  0.970847  0.010587  0.969153 -0.002787
    92  0.975747  0.009109  0.974253 -0.002582
    93  0.980644  0.007621  0.979356 -0.002376
    94  0.985539  0.006122  0.984461 -0.002172
    95  0.990431  0.004612  0.989569 -0.001968
    96  0.995321  0.003092  0.994679 -0.001764
    97  0.999231  0.001868  0.998769 -0.001602
    98  1.000208  0.001561  0.999792 -0.001561

COORDINATES OF NACA AIRFOILS           17:57  1Jul2016
 NACA 4415                                                                       
 INTERPOLATED COORDINATES
            x      yupper   ylower
     1  0.000000  0.000000  0.000000
     2  0.000050  0.009770 -0.000243
     3  0.000100  0.010010 -0.000475
     4  0.000200  0.010463 -0.000909
     5  0.000300  0.010884 -0.001310
     6  0.000400  0.011278 -0.001685
     7  0.000500  0.011651 -0.002036
     8  0.000600  0.012005 -0.002370
     9  0.000800  0.012669 -0.002990
    10  0.001000  0.013283 -0.003558
    11  0.001200  0.013856 -0.004086
    12  0.001400  0.014399 -0.004580
    13  0.001600  0.014913 -0.005046
    14  0.001800  0.015404 -0.005486
    15  0.002000  0.015874 -0.005906
    16  0.002500  0.016975 -0.006877
    17  0.003000  0.017990 -0.007757
    18  0.003500  0.018938 -0.008566
    19  0.004000  0.019829 -0.009318
    20  0.004500  0.020673 -0.010020
    21  0.005000  0.021478 -0.010682
    22  0.006000  0.022988 -0.011901
    23  0.007000  0.024391 -0.013008
    24  0.008000  0.025706 -0.014025
    25  0.009000  0.026950 -0.014966
    26  0.010000  0.028132 -0.015844
    27  0.011000  0.029262 -0.016668
    28  0.012000  0.030345 -0.017445
    29  0.013000  0.031387 -0.018179
    30  0.014000  0.032394 -0.018876
    31  0.015000  0.033368 -0.019539
    32  0.016000  0.034311 -0.020173
    33  0.018000  0.036119 -0.021359
    34  0.020000  0.037835 -0.022452
    35  0.025000  0.041797 -0.024857
    36  0.030000  0.045390 -0.026899
    37  0.035000  0.048698 -0.028663
    38  0.040000  0.051772 -0.030207
    39  0.045000  0.054653 -0.031571
    40  0.050000  0.057367 -0.032782
    41  0.055000  0.059937 -0.033865
    42  0.060000  0.062377 -0.034834
    43  0.070000  0.066920 -0.036489
    44  0.080000  0.071078 -0.037828
    45  0.090000  0.074905 -0.038911
    46  0.100000  0.078444 -0.039781
    47  0.120000  0.084771 -0.041000
    48  0.140000  0.090241 -0.041675
    49  0.160000  0.094973 -0.041932
    50  0.180000  0.099053 -0.041861
    51  0.200000  0.102545 -0.041533
    52  0.220000  0.105498 -0.041000
    53  0.240000  0.107952 -0.040308
    54  0.260000  0.109937 -0.039492
    55  0.280000  0.111482 -0.038586
    56  0.300000  0.112608 -0.037615
    57  0.320000  0.113334 -0.036604
    58  0.340000  0.113676 -0.035572
    59  0.360000  0.113650 -0.034540
    60  0.380000  0.113267 -0.033524
    61  0.400000  0.112538 -0.032538
    62  0.420000  0.111505 -0.031560
    63  0.440000  0.110246 -0.030526
    64  0.460000  0.108770 -0.029446
    65  0.480000  0.107083 -0.028330
    66  0.500000  0.105195 -0.027185
    67  0.520000  0.103109 -0.026020
    68  0.540000  0.100834 -0.024841
    69  0.560000  0.098372 -0.023655
    70  0.580000  0.095730 -0.022466
    71  0.600000  0.092911 -0.021280
    72  0.620000  0.089918 -0.020102
    73  0.640000  0.086756 -0.018934
    74  0.660000  0.083425 -0.017781
    75  0.680000  0.079929 -0.016645
    76  0.700000  0.076269 -0.015529
    77  0.720000  0.072447 -0.014434
    78  0.740000  0.068463 -0.013362
    79  0.760000  0.064318 -0.012315
    80  0.780000  0.060012 -0.011292
    81  0.800000  0.055544 -0.010295
    82  0.820000  0.050915 -0.009323
    83  0.840000  0.046122 -0.008376
    84  0.860000  0.041164 -0.007453
    85  0.880000  0.036040 -0.006554
    86  0.900000  0.030746 -0.005677
    87  0.920000  0.025281 -0.004820
    88  0.940000  0.019640 -0.003981
    89  0.950000  0.016753 -0.003568
    90  0.960000  0.013820 -0.003159
    91  0.970000  0.010842 -0.002753
    92  0.975000  0.009335 -0.002551
    93  0.980000  0.007817 -0.002350
    94  0.985000  0.006287 -0.002150
    95  0.990000  0.004746 -0.001951
    96  0.995000  0.003192 -0.001751
    97  0.999000  0.001941 -0.001593
    98  1.000000  0.001627 -0.001553
 End of output for cambered airfoil
